
--- post-commit hook fired at Mon Jul  6 10:22:34 WIB 2026 for HEAD 1058f050f18492f22c6b7f089bb27751c7728a43 ---
repowise update · MotoClub
e670db7d..1058f050
Config files changed — re-running health analysis.
2026-07-06 10:22:35 [info     ] FileTraverser initialised      extra_exclude_patterns=0 include_nested_repos=False max_file_size_kb=500 repo_root=/home/edbert/work/freelance/MotoClub submodules_skipped=0
2026-07-06 10:22:35 [debug    ] Skipping oversized file        path=.repowise/duplication_cache.pkl size_kb=1156
2026-07-06 10:22:35 [debug    ] Skipping oversized file        path=.repowise/parse_cache.pkl size_kb=527
2026-07-06 10:22:35 [debug    ] Skipping oversized file        path=.repowise/wiki.db size_kb=3344
2026-07-06 10:22:35 [debug    ] Skipping generated file        path=backend/db/sqlc/announcements.sql.go
2026-07-06 10:22:35 [debug    ] Skipping generated file        path=backend/db/sqlc/db.go
2026-07-06 10:22:35 [debug    ] Skipping generated file        path=backend/db/sqlc/events.sql.go
2026-07-06 10:22:35 [debug    ] Skipping generated file        path=backend/db/sqlc/gallery.sql.go
2026-07-06 10:22:35 [debug    ] Skipping generated file        path=backend/db/sqlc/members.sql.go
2026-07-06 10:22:35 [debug    ] Skipping generated file        path=backend/db/sqlc/models.go
2026-07-06 10:22:35 [debug    ] Skipping generated file        path=backend/db/sqlc/querier.go
2026-07-06 10:22:35 [debug    ] Skipping generated file        path=backend/db/sqlc/tokens.sql.go
2026-07-06 10:22:35 [debug    ] Skipping generated file        path=backend/internal/auth/mocks/GoogleVerifier.go
2026-07-06 10:22:35 [debug    ] Skipping generated file        path=backend/internal/auth/mocks/JWTManager.go
2026-07-06 10:22:35 [debug    ] Skipping generated file        path=backend/internal/middleware/mocks/RevocationChecker.go
2026-07-06 10:22:35 [debug    ] Skipping generated file        path=backend/internal/repository/mocks/AnnouncementRepository.go
2026-07-06 10:22:35 [debug    ] Skipping generated file        path=backend/internal/repository/mocks/EventRepository.go
2026-07-06 10:22:35 [debug    ] Skipping generated file        path=backend/internal/repository/mocks/GalleryRepository.go
2026-07-06 10:22:35 [debug    ] Skipping generated file        path=backend/internal/repository/mocks/MemberRepository.go
2026-07-06 10:22:35 [debug    ] Skipping generated file        path=backend/internal/repository/mocks/TokenRepository.go
2026-07-06 10:22:35 [debug    ] Skipping generated file        path=backend/internal/service/mocks/AnnouncementServicer.go
2026-07-06 10:22:35 [debug    ] Skipping generated file        path=backend/internal/service/mocks/AuthServicer.go
2026-07-06 10:22:35 [debug    ] Skipping generated file        path=backend/internal/service/mocks/EventServicer.go
2026-07-06 10:22:35 [debug    ] Skipping generated file        path=backend/internal/service/mocks/GalleryServicer.go
2026-07-06 10:22:35 [debug    ] Skipping generated file        path=backend/internal/service/mocks/MemberServicer.go
2026-07-06 10:22:35 [debug    ] Skipping generated file        path=backend/internal/util/mocks/Clock.go
2026-07-06 10:22:35 [debug    ] Skipping oversized file        path=.repowise/duplication_cache.pkl size_kb=1156
2026-07-06 10:22:35 [debug    ] Skipping oversized file        path=.repowise/parse_cache.pkl size_kb=527
2026-07-06 10:22:35 [debug    ] Skipping oversized file        path=.repowise/wiki.db size_kb=3344
2026-07-06 10:22:35 [debug    ] Skipping generated file        path=backend/db/sqlc/announcements.sql.go
2026-07-06 10:22:35 [debug    ] Skipping generated file        path=backend/db/sqlc/db.go
2026-07-06 10:22:35 [debug    ] Skipping generated file        path=backend/db/sqlc/events.sql.go
2026-07-06 10:22:35 [debug    ] Skipping generated file        path=backend/db/sqlc/gallery.sql.go
2026-07-06 10:22:35 [debug    ] Skipping generated file        path=backend/db/sqlc/members.sql.go
2026-07-06 10:22:35 [debug    ] Skipping generated file        path=backend/db/sqlc/models.go
2026-07-06 10:22:35 [debug    ] Skipping generated file        path=backend/db/sqlc/querier.go
2026-07-06 10:22:35 [debug    ] Skipping generated file        path=backend/db/sqlc/tokens.sql.go
2026-07-06 10:22:35 [debug    ] Skipping generated file        path=backend/internal/auth/mocks/GoogleVerifier.go
2026-07-06 10:22:35 [debug    ] Skipping generated file        path=backend/internal/auth/mocks/JWTManager.go
2026-07-06 10:22:35 [debug    ] Skipping generated file        path=backend/internal/middleware/mocks/RevocationChecker.go
2026-07-06 10:22:35 [debug    ] Skipping generated file        path=backend/internal/repository/mocks/AnnouncementRepository.go
2026-07-06 10:22:35 [debug    ] Skipping generated file        path=backend/internal/repository/mocks/EventRepository.go
2026-07-06 10:22:35 [debug    ] Skipping generated file        path=backend/internal/repository/mocks/GalleryRepository.go
2026-07-06 10:22:35 [debug    ] Skipping generated file        path=backend/internal/repository/mocks/MemberRepository.go
2026-07-06 10:22:35 [debug    ] Skipping generated file        path=backend/internal/repository/mocks/TokenRepository.go
2026-07-06 10:22:35 [debug    ] Skipping generated file        path=backend/internal/service/mocks/AnnouncementServicer.go
2026-07-06 10:22:35 [debug    ] Skipping generated file        path=backend/internal/service/mocks/AuthServicer.go
2026-07-06 10:22:35 [debug    ] Skipping generated file        path=backend/internal/service/mocks/EventServicer.go
2026-07-06 10:22:35 [debug    ] Skipping generated file        path=backend/internal/service/mocks/GalleryServicer.go
2026-07-06 10:22:35 [debug    ] Skipping generated file        path=backend/internal/service/mocks/MemberServicer.go
2026-07-06 10:22:35 [debug    ] Skipping generated file        path=backend/internal/util/mocks/Clock.go
2026-07-06 10:22:35 [debug    ] Built Go package index         import_paths=13 modules=1 packages=13
2026-07-06 10:22:35 [info     ] import_resolution_per_language seconds={'json': 0.0, 'markdown': 0.0, 'yaml': 0.0, 'dockerfile': 0.0, 'makefile': 0.0, 'go': 0.0, 'sql': 0.0, 'shell': 0.0, 'javascript': 0.0, 'typescript': 0.0}
2026-07-06 10:22:35 [info     ] type_use edges emitted         per_language={'go': 121, 'typescript': 1}
2026-07-06 10:22:35 [info     ] Heritage edges resolved        total=0
2026-07-06 10:22:35 [info     ] interface_satisfaction_edges   added=29 language=go
2026-07-06 10:22:35 [debug    ] Built Go package index         import_paths=13 modules=1 packages=13
2026-07-06 10:22:35 [info     ] Call edges resolved            total=587
2026-07-06 10:22:35 [info     ] Graph built                    edge_types={'defines': 699, 'imports': 748, 'calls': 587, 'method_implements': 29, 'has_method': 78, 'type_use': 23} edges=2164 file_nodes=258 symbol_nodes=699
2026-07-06 10:22:35 [info     ] Framework edges added          count=9
Framework edges added: 9
2026-07-06 10:22:35 [debug    ] dynamic_hints                  count=0 extractor=pytest_conftest
2026-07-06 10:22:35 [debug    ] dynamic_hints                  count=0 extractor=django_settings
2026-07-06 10:22:35 [debug    ] dynamic_hints                  count=0 extractor=xaml
2026-07-06 10:22:35 [debug    ] dynamic_hints                  count=0 extractor=scala
2026-07-06 10:22:35 [debug    ] dynamic_hints                  count=0 extractor=jvm
2026-07-06 10:22:35 [debug    ] dynamic_hints                  count=0 extractor=ruby
2026-07-06 10:22:35 [debug    ] dynamic_hints                  count=0 extractor=c
2026-07-06 10:22:35 [debug    ] dynamic_hints                  count=0 extractor=spring
2026-07-06 10:22:35 [debug    ] dynamic_hints                  count=0 extractor=php
2026-07-06 10:22:35 [debug    ] dynamic_hints                  count=0 extractor=python_dynamic_import
2026-07-06 10:22:35 [debug    ] dynamic_hints                  count=1 extractor=node_package
2026-07-06 10:22:35 [debug    ] dynamic_hints                  count=0 extractor=dotnet
2026-07-06 10:22:35 [debug    ] dynamic_hints                  count=0 extractor=luau
2026-07-06 10:22:35 [debug    ] dynamic_hints                  count=0 extractor=cpp
2026-07-06 10:22:35 [debug    ] dynamic_hints                  count=0 extractor=swift
2026-07-06 10:22:35 [debug    ] dynamic_hints                  count=0 extractor=rust
2026-07-06 10:22:35 [debug    ] dynamic_hints                  count=0 extractor=alpine
2026-07-06 10:22:35 [debug    ] dynamic_hints                  count=0 extractor=go
Dynamic hint edges added: 1
2026-07-06 10:22:35 [info     ] file_communities_detected      algorithm=louvain communities=63 prod_files=241 test_files=18 total_files=259
2026-07-06 10:22:35 [info     ] symbol_communities_detected    communities=348 connected=375 total_symbols=699
2026-07-06 10:22:36 [info     ] execution_flows_traced         candidates_scored=84 deduplicated=0 traced=46
2026-07-06 10:22:36 [debug    ] duplication_token_cache        hits=145 misses=8
2026-07-06 10:22:36 [debug    ] health_duplication_limits      degenerate_buckets=0 files_considered=154 files_tokenized=116 skipped_minified=1 skipped_token_cap=0 skipped_unreadable=0 timed_out=False total_windows=52482 window_budget_hit=False
Health re-score: 154 files, 177 findings
Config-triggered health re-score complete in 1.6s
